Metadata-Version: 2.1
Name: hbayes
Version: 0.0.1
Summary: Bayesian Optimization package
Home-page: https://github.com/HansBug/hbayes
Author: HansBug
Author-email: zhangshaoang@sensetime.com
License: MIT License
Keywords: A simple tool for automatic parameter tuning.
Classifier: Development Status :: 5 - Production/Stable
Classifier: Intended Audience :: Developers
Classifier: License :: OSI Approved :: MIT License
Classifier: Programming Language :: Python
Classifier: Programming Language :: Python :: 3
Classifier: Programming Language :: Python :: 3.6
Classifier: Programming Language :: Python :: 3.7
Classifier: Programming Language :: Python :: 3.8
Classifier: Programming Language :: Python :: 3.9
Classifier: Programming Language :: Python :: 3.10
Requires-Python: >=3.6
Description-Content-Type: text/markdown
License-File: LICENSE
Requires-Dist: numpy (>=1.9.0)
Requires-Dist: scipy (>=0.14.0)
Requires-Dist: scikit-learn (>=0.18.0)
Requires-Dist: hbutils (>=0.6.8)
Requires-Dist: enum-tools (>=0.8.0)
Provides-Extra: doc
Requires-Dist: Jinja2 (~=3.0.0) ; extra == 'doc'
Requires-Dist: sphinx (~=3.2.0) ; extra == 'doc'
Requires-Dist: sphinx-rtd-theme (~=0.4.3) ; extra == 'doc'
Requires-Dist: enum-tools ; extra == 'doc'
Requires-Dist: sphinx-toolbox ; extra == 'doc'
Requires-Dist: plantumlcli (>=0.0.2) ; extra == 'doc'
Requires-Dist: packaging ; extra == 'doc'
Requires-Dist: sphinx-multiversion (~=0.2.4) ; extra == 'doc'
Requires-Dist: where (~=1.0.2) ; extra == 'doc'
Requires-Dist: easydict (<2,>=1.7) ; extra == 'doc'
Requires-Dist: nbsphinx (>=0.8.8) ; extra == 'doc'
Requires-Dist: ipython (>=7.16.3) ; extra == 'doc'
Provides-Extra: test
Requires-Dist: coverage (>=5) ; extra == 'test'
Requires-Dist: mock (>=4.0.3) ; extra == 'test'
Requires-Dist: flake8 (~=3.5) ; extra == 'test'
Requires-Dist: testfixtures (>=6.18.5) ; extra == 'test'
Requires-Dist: pytest (~=6.2.5) ; extra == 'test'
Requires-Dist: pytest-cov (~=3.0.0) ; extra == 'test'
Requires-Dist: pytest-mock (~=3.6.1) ; extra == 'test'
Requires-Dist: pytest-xdist (>=1.34.0) ; extra == 'test'
Requires-Dist: pytest-rerunfailures (~=10.2) ; extra == 'test'
Requires-Dist: pytest-timeout (~=2.0.2) ; extra == 'test'
Requires-Dist: pytest-benchmark (~=3.4.0) ; extra == 'test'
Requires-Dist: easydict (<2,>=1.7) ; extra == 'test'
Requires-Dist: testtools (>=2) ; extra == 'test'
Requires-Dist: numpy (<2,>=1.19) ; extra == 'test'
Requires-Dist: where (>=1.0.2) ; extra == 'test'

# Bayesian Optimization

[![PyPI](https://img.shields.io/pypi/v/hbayes)](https://pypi.org/project/hbayes/)
[![PyPI - Python Version](https://img.shields.io/pypi/pyversions/hbayes)](https://pypi.org/project/hbayes/)
![Loc](https://img.shields.io/endpoint?url=https://gist.githubusercontent.com/HansBug/d9b45d4c1b12045384046990db092098/raw/loc.json)
![Comments](https://img.shields.io/endpoint?url=https://gist.githubusercontent.com/HansBug/d9b45d4c1b12045384046990db092098/raw/comments.json)

[![Code Test](https://github.com/HansBug/hbayes/workflows/Code%20Test/badge.svg)](https://github.com/HansBug/hbayes/actions?query=workflow%3A%22Code+Test%22)
[![Badge Creation](https://github.com/HansBug/hbayes/workflows/Badge%20Creation/badge.svg)](https://github.com/HansBug/hbayes/actions?query=workflow%3A%22Badge+Creation%22)
[![Package Release](https://github.com/HansBug/hbayes/workflows/Package%20Release/badge.svg)](https://github.com/HansBug/hbayes/actions?query=workflow%3A%22Package+Release%22)
[![codecov](https://codecov.io/gh/HansBug/BayesianOptimization/branch/main/graph/badge.svg?token=LGB44A91FL)](https://codecov.io/gh/HansBug/BayesianOptimization)

[![GitHub stars](https://img.shields.io/github/stars/HansBug/hbayes)](https://github.com/HansBug/hbayes/stargazers)
[![GitHub forks](https://img.shields.io/github/forks/HansBug/hbayes)](https://github.com/HansBug/hbayes/network)
![GitHub commit activity](https://img.shields.io/github/commit-activity/m/HansBug/hbayes)
[![GitHub issues](https://img.shields.io/github/issues/HansBug/hbayes)](https://github.com/HansBug/hbayes/issues)
[![GitHub pulls](https://img.shields.io/github/issues-pr/HansBug/hbayes)](https://github.com/HansBug/hbayes/pulls)
[![Contributors](https://img.shields.io/github/contributors/HansBug/hbayes)](https://github.com/HansBug/hbayes/graphs/contributors)
[![GitHub license](https://img.shields.io/github/license/HansBug/hbayes)](https://github.com/HansBug/hbayes/blob/master/LICENSE)

An extended implementation of Bayesian Optimization.

This is a forked project based on [fmfn/BayesianOptimization v1.2.0](https://github.com/fmfn/BayesianOptimization). Most of the usage and features from the original repository will be kept for a long time.

## Installation

You can simply install it with `pip` command line from the official PyPI site.

```shell
pip install hbayes
```

For more information about installation, you can refer to [Installation](https://hansbug.github.io/hbayes/main/tutorials/installation/index.html).


## Documentation

The detailed documentation are hosted on [https://hansbug.github.io/hbayes/main/index.html](https://hansbug.github.io/hbayes/main/index.html).

Only english version is provided now, the chinese documentation is still under development.


## Quick Start

A painless example

```python
from hbayes import BayesianOptimization


def black_box_function(x, y):
    """Function with unknown internals we wish to maximize.

    This is just serving as an example, for all intents and
    purposes think of the internals of this function, i.e.: the process
    which generates its output values, as unknown.
    """
    return -x ** 2 - (y - 1) ** 2 + 1


# Bounded region of parameter space
pbounds = {'x': (2, 4), 'y': (-3, 3)}

optimizer = BayesianOptimization(
    f=black_box_function,
    pbounds=pbounds,
    random_state=1,
    verbose=2,
)

optimizer.maximize(
    init_points=10,
    n_iter=25,
)

print(optimizer.max)

```

The output should be

```
|   iter    |  target   |     x     |     y     |
-------------------------------------------------
|  1        | -7.135    |  2.834    |  1.322    |
|  2        | -7.78     |  2.0      | -1.186    |
|  3        | -16.13    |  2.294    | -2.446    |
|  4        | -8.341    |  2.373    | -0.9266   |
|  5        | -7.392    |  2.794    |  0.2329   |
|  6        | -7.069    |  2.838    |  1.111    |
|  7        | -6.412    |  2.409    |  2.269    |
|  8        | -3.223    |  2.055    |  1.023    |
|  9        | -7.455    |  2.835    |  0.3521   |
|  10       | -12.11    |  2.281    | -1.811    |
|  11       | -7.0      |  2.0      |  3.0      |
|  12       | -19.0     |  4.0      |  3.0      |
|  13       | -3.383    |  2.0      |  0.3812   |
|  14       | -3.43     |  2.0      |  1.656    |
|  15       | -3.035    |  2.0      |  0.8129   |
|  16       | -17.03    |  4.0      | -0.4244   |
|  17       | -3.012    |  2.0      |  1.109    |
|  18       | -3.0      |  2.0      |  0.9813   |
|  19       | -3.0      |  2.0      |  0.9911   |
|  20       | -3.0      |  2.0      |  0.994    |
|  21       | -3.0      |  2.0      |  0.9957   |
|  22       | -3.0      |  2.0      |  0.9971   |
|  23       | -3.0      |  2.0      |  0.9994   |
|  24       | -3.0      |  2.0      |  1.004    |
|  25       | -3.0      |  2.0      |  0.978    |
|  26       | -3.001    |  2.0      |  1.024    |
|  27       | -3.001    |  2.0      |  0.9735   |
|  28       | -3.001    |  2.0      |  1.024    |
|  29       | -3.001    |  2.0      |  0.9729   |
|  30       | -3.001    |  2.0      |  1.024    |
|  31       | -3.0      |  2.0      |  1.021    |
|  32       | -3.001    |  2.0      |  0.9709   |
|  33       | -3.001    |  2.0      |  0.9749   |
|  34       | -3.001    |  2.0      |  1.023    |
|  35       | -3.001    |  2.0      |  0.9755   |
=================================================
{'target': -3.00000039014846, 'params': {'x': 2.0, 'y': 0.9993753813483197}}
```

For more tutorial of usages and practices, take a look at [Best Practice](https://hansbug.github.io/hbayes/main/best_practice/advanced-tour.html) in documentation.


# Contributing

We appreciate all contributions to improve `hbayes`, both logic and system designs. Please refer to CONTRIBUTING.md for more guides.


# License

`hbayes` released under the MIT license.

